2024-04-21 17:29:46,814 INFO  Main: Начало скачек. Количество участников: 7
2024-04-21 17:30:07,427 INFO  Main: Окончание скачек. Победитель: Cherry
2024-04-21 17:40:21,873 INFO  Main: Начало скачек. Количество участников: 7
2024-04-21 17:40:42,462 INFO  Main: Окончание скачек. Победитель: Cherry
2024-04-21 17:45:41,213 INFO  Main: Начало скачек. Количество участников: 7
2024-04-21 17:46:01,730 INFO  Main: Окончание скачек. Победитель: Pegasus
2024-04-21 17:47:23,425 INFO  Main: Начало скачек. Количество участников: 7
2024-04-21 17:47:23,649 INFO  Main: Окончание скачек. Победитель: Cherry
2024-04-21 17:48:22,493 INFO  Main: Начало скачек. Количество участников: 7
2024-04-21 17:48:22,720 INFO  Main: Окончание скачек. Победитель: Lobster
2024-04-21 17:48:39,484 INFO  Main: Начало скачек. Количество участников: 7
2024-04-21 17:48:39,709 INFO  Main: Окончание скачек. Победитель: Blaze
2024-04-21 17:49:18,075 INFO  Main: Начало скачек. Количество участников: 7
2024-04-21 17:49:18,306 INFO  Main: Окончание скачек. Победитель: Cherry
2024-04-21 17:50:10,781 DEBUG Main: Создание Hippodrome, лошадей [7]
2024-04-21 17:50:10,786 INFO  Main: Начало скачек. Количество участников: 7
2024-04-21 17:50:10,994 INFO  Main: Окончание скачек. Победитель: Blaze
2024-04-21 17:50:50,967 DEBUG Main: Создание Hippodrome, лошадей [7]
2024-04-21 17:50:50,974 INFO  Main: Начало скачек. Количество участников: 7
2024-04-21 17:50:51,192 INFO  Main: Окончание скачек. Победитель: Cherry
2024-04-21 17:51:11,387 DEBUG Main: Создание Hippodrome, лошадей [7]
2024-04-21 17:51:11,394 INFO  Main: Начало скачек. Количество участников: 7
2024-04-21 17:51:11,613 INFO  Main: Окончание скачек. Победитель: Blaze
2024-04-21 17:51:28,722 DEBUG Main: Создание Hippodrome, лошадей [7]
2024-04-21 17:51:28,731 INFO  Main: Начало скачек. Количество участников: 7
2024-04-21 17:51:28,947 INFO  Main: Окончание скачек. Победитель: Cherry
2024-04-21 17:52:10,881 DEBUG Main: Создание Hippodrome, лошадей [7]
2024-04-21 17:52:10,886 INFO  Main: Начало скачек. Количество участников: 7
2024-04-21 17:52:11,100 INFO  Main: Окончание скачек. Победитель: Bucephalus
2024-04-21 17:52:43,640 DEBUG Main: Создание Hippodrome, лошадей [7]
2024-04-21 17:52:43,646 INFO  Main: Начало скачек. Количество участников: 7
2024-04-21 17:52:43,856 INFO  Main: Окончание скачек. Победитель: Bucephalus
2024-04-21 17:53:40,098 DEBUG Main: Создание Hippodrome, лошадей [7]
2024-04-21 17:53:40,103 INFO  Main: Начало скачек. Количество участников: 7
2024-04-21 17:53:40,314 INFO  Main: Окончание скачек. Победитель: Lobster
2024-04-21 17:54:00,184 DEBUG Main: Создание Hippodrome, лошадей [7]
2024-04-21 17:54:00,189 INFO  Main: Начало скачек. Количество участников: 7
2024-04-21 17:54:00,396 INFO  Main: Окончание скачек. Победитель: Blaze
2024-04-21 17:54:35,126 DEBUG Main: Создание Hippodrome, лошадей [7]
2024-04-21 17:54:35,130 INFO  Main: Начало скачек. Количество участников: 7
2024-04-21 17:54:35,343 INFO  Main: Окончание скачек. Победитель: Ace of Spades
2024-04-21 18:07:20,262 DEBUG Main: Создание Horse, имя [Bucephalus], скорость [2.4}]
2024-04-21 18:07:20,267 DEBUG Main: Создание Horse, имя [Ace of Spades], скорость [2.5}]
2024-04-21 18:07:20,267 DEBUG Main: Создание Horse, имя [Zephyr], скорость [2.6}]
2024-04-21 18:07:20,267 DEBUG Main: Создание Horse, имя [Blaze], скорость [2.7}]
2024-04-21 18:07:20,268 DEBUG Main: Создание Horse, имя [Lobster], скорость [2.8}]
2024-04-21 18:07:20,268 DEBUG Main: Создание Horse, имя [Pegasus], скорость [2.9}]
2024-04-21 18:07:20,268 DEBUG Main: Создание Horse, имя [Cherry], скорость [3.0}]
2024-04-21 18:07:20,269 DEBUG Main: Создание Hippodrome, лошадей [7]
2024-04-21 18:07:20,269 INFO  Main: Начало скачек. Количество участников: 7
2024-04-21 18:07:20,489 INFO  Main: Окончание скачек. Победитель: Blaze
