2024-04-22 11:04:39,506 DEBUG Main: Создание Horse, имя [Bucephalus], скорость [2.4}]
2024-04-22 11:04:39,522 DEBUG Main: Создание Horse, имя [Ace of Spades], скорость [2.5}]
2024-04-22 11:04:39,523 DEBUG Main: Создание Horse, имя [Zephyr], скорость [2.6}]
2024-04-22 11:04:39,523 DEBUG Main: Создание Horse, имя [Blaze], скорость [2.7}]
2024-04-22 11:04:39,524 DEBUG Main: Создание Horse, имя [Lobster], скорость [2.8}]
2024-04-22 11:04:39,525 DEBUG Main: Создание Horse, имя [Pegasus], скорость [2.9}]
2024-04-22 11:04:39,525 DEBUG Main: Создание Horse, имя [Cherry], скорость [3.0}]
2024-04-22 11:04:39,527 DEBUG Main: Создание Hippodrome, лошадей [7]
2024-04-22 11:04:39,527 INFO  Main: Начало скачек. Количество участников: 7
2024-04-22 11:05:00,029 INFO  Main: Окончание скачек. Победитель: Cherry
2024-04-22 11:10:00,220 ERROR Main: Horse cannot be null
2024-04-22 11:14:14,450 ERROR Main: Horse cannot be null
2024-04-22 11:14:14,465 ERROR Main: Horse cannot be null
2024-04-22 11:14:14,470 ERROR Main: Horses list is empty
2024-04-22 11:14:16,449 DEBUG Main: Создание Hippodrome, лошадей [50]
2024-04-22 11:14:16,639 DEBUG Main: Создание Horse, имя [name_0], скорость [0.0}]
2024-04-22 11:14:16,641 DEBUG Main: Создание Horse, имя [name_1], скорость [1.0}]
2024-04-22 11:14:16,641 DEBUG Main: Создание Horse, имя [name_2], скорость [2.0}]
2024-04-22 11:14:16,642 DEBUG Main: Создание Horse, имя [name_3], скорость [3.0}]
2024-04-22 11:14:16,642 DEBUG Main: Создание Horse, имя [name_4], скорость [4.0}]
2024-04-22 11:14:16,642 DEBUG Main: Создание Horse, имя [name_5], скорость [5.0}]
2024-04-22 11:14:16,643 DEBUG Main: Создание Horse, имя [name_6], скорость [6.0}]
2024-04-22 11:14:16,643 DEBUG Main: Создание Horse, имя [name_7], скорость [7.0}]
2024-04-22 11:14:16,644 DEBUG Main: Создание Horse, имя [name_8], скорость [8.0}]
2024-04-22 11:14:16,644 DEBUG Main: Создание Horse, имя [name_9], скорость [9.0}]
2024-04-22 11:14:16,644 DEBUG Main: Создание Horse, имя [name_10], скорость [10.0}]
2024-04-22 11:14:16,644 DEBUG Main: Создание Horse, имя [name_11], скорость [11.0}]
2024-04-22 11:14:16,644 DEBUG Main: Создание Horse, имя [name_12], скорость [12.0}]
2024-04-22 11:14:16,645 DEBUG Main: Создание Horse, имя [name_13], скорость [13.0}]
2024-04-22 11:14:16,645 DEBUG Main: Создание Horse, имя [name_14], скорость [14.0}]
2024-04-22 11:14:16,645 DEBUG Main: Создание Horse, имя [name_15], скорость [15.0}]
2024-04-22 11:14:16,646 DEBUG Main: Создание Horse, имя [name_16], скорость [16.0}]
2024-04-22 11:14:16,646 DEBUG Main: Создание Horse, имя [name_17], скорость [17.0}]
2024-04-22 11:14:16,646 DEBUG Main: Создание Horse, имя [name_18], скорость [18.0}]
2024-04-22 11:14:16,646 DEBUG Main: Создание Horse, имя [name_19], скорость [19.0}]
2024-04-22 11:14:16,647 DEBUG Main: Создание Horse, имя [name_20], скорость [20.0}]
2024-04-22 11:14:16,647 DEBUG Main: Создание Horse, имя [name_21], скорость [21.0}]
2024-04-22 11:14:16,647 DEBUG Main: Создание Horse, имя [name_22], скорость [22.0}]
2024-04-22 11:14:16,647 DEBUG Main: Создание Horse, имя [name_23], скорость [23.0}]
2024-04-22 11:14:16,648 DEBUG Main: Создание Horse, имя [name_24], скорость [24.0}]
2024-04-22 11:14:16,648 DEBUG Main: Создание Horse, имя [name_25], скорость [25.0}]
2024-04-22 11:14:16,649 DEBUG Main: Создание Horse, имя [name_26], скорость [26.0}]
2024-04-22 11:14:16,649 DEBUG Main: Создание Horse, имя [name_27], скорость [27.0}]
2024-04-22 11:14:16,649 DEBUG Main: Создание Horse, имя [name_28], скорость [28.0}]
2024-04-22 11:14:16,650 DEBUG Main: Создание Horse, имя [name_29], скорость [29.0}]
2024-04-22 11:14:16,650 DEBUG Main: Создание Hippodrome, лошадей [30]
2024-04-22 11:14:16,656 ERROR Main: Horses list is empty
2024-04-22 11:14:16,661 DEBUG Main: Создание Horse, имя [name1], скорость [1.0}]
2024-04-22 11:14:16,661 DEBUG Main: Создание Horse, имя [name2], скорость [1.0}]
2024-04-22 11:14:16,662 DEBUG Main: Создание Horse, имя [name3], скорость [1.0}]
2024-04-22 11:14:16,662 DEBUG Main: Создание Horse, имя [name4], скорость [1.0}]
2024-04-22 11:14:16,662 DEBUG Main: Создание Horse, имя [name5], скорость [1.0}]
2024-04-22 11:14:16,663 DEBUG Main: Создание Hippodrome, лошадей [5]
2024-04-22 11:33:19,846 DEBUG Main: Создание Horse, имя [Bucephalus], скорость [2.4}]
2024-04-22 11:33:19,852 DEBUG Main: Создание Horse, имя [Ace of Spades], скорость [2.5}]
2024-04-22 11:33:19,853 DEBUG Main: Создание Horse, имя [Zephyr], скорость [2.6}]
2024-04-22 11:33:19,853 DEBUG Main: Создание Horse, имя [Blaze], скорость [2.7}]
2024-04-22 11:33:19,853 DEBUG Main: Создание Horse, имя [Lobster], скорость [2.8}]
2024-04-22 11:33:19,853 DEBUG Main: Создание Horse, имя [Pegasus], скорость [2.9}]
2024-04-22 11:33:19,853 DEBUG Main: Создание Horse, имя [Cherry], скорость [3.0}]
2024-04-22 11:33:19,854 DEBUG Main: Создание Hippodrome, лошадей [7]
2024-04-22 11:33:19,855 INFO  Main: Начало скачек. Количество участников: 7
2024-04-22 11:33:40,380 INFO  Main: Окончание скачек. Победитель: Lobster
2024-04-22 11:46:20,008 DEBUG Main: Создание Horse, имя [Bucephalus], скорость [2.4}]
2024-04-22 11:46:20,015 DEBUG Main: Создание Horse, имя [Ace of Spades], скорость [2.5}]
2024-04-22 11:46:20,015 DEBUG Main: Создание Horse, имя [Zephyr], скорость [2.6}]
2024-04-22 11:46:20,015 DEBUG Main: Создание Horse, имя [Blaze], скорость [2.7}]
2024-04-22 11:46:20,016 DEBUG Main: Создание Horse, имя [Lobster], скорость [2.8}]
2024-04-22 11:46:20,016 DEBUG Main: Создание Horse, имя [Pegasus], скорость [2.9}]
2024-04-22 11:46:20,016 DEBUG Main: Создание Horse, имя [Cherry], скорость [3.0}]
2024-04-22 11:46:20,018 DEBUG Main: Создание Hippodrome, лошадей [7]
2024-04-22 11:46:20,018 INFO  Main: Начало скачек. Количество участников: 7
2024-04-22 11:46:40,528 INFO  Main: Окончание скачек. Победитель: Cherry
